<?xml version="1.0" encoding="UTF-8"?>
<testsuite xmlns:xsi="http://www.w3.org/2001/XMLSchema-instance" xsi:noNamespaceSchemaLocation="https://maven.apache.org/surefire/maven-surefire-plugin/xsd/surefire-test-report.xsd" name="JavaMaven.PertamaxTest" time="0.041" tests="4" errors="0" skipped="1" failures="0">
  <properties>
[...]
</properties>
  <testcase name="testPenjumlahan" classname="JavaMaven.PertamaxTest" time="0.02"/>
  <testcase name="invalidBayar" classname="JavaMaven.PertamaxTest" time="0.001"/>
  <testcase name="iniKedisable" classname="JavaMaven.PertamaxTest" time="0">
    <skipped message="public void JavaMaven.PertamaxTest.iniKedisable() is @Disabled"/>
  </testcase>
  <testcase name="testPertamax" classname="JavaMaven.PertamaxTest" time="0.001"/>
</testsuite>